[debug] [2021-08-29T06:27:01.655Z] ----------------------------------------------------------------------
[debug] [2021-08-29T06:27:01.657Z] Command:       C:\Program Files\nodejs\node.exe C:\Users\esraa\AppData\Roaming\npm\node_modules\firebase-tools\lib\bin\firebase.js functions:shell
[debug] [2021-08-29T06:27:01.657Z] CLI Version:   9.16.5
[debug] [2021-08-29T06:27:01.657Z] Platform:      win32
[debug] [2021-08-29T06:27:01.657Z] Node Version:  v14.17.3
[debug] [2021-08-29T06:27:01.658Z] Time:          Sun Aug 29 2021 08:27:01 GMT+0200 (Eastern European Standard Time)
[debug] [2021-08-29T06:27:01.658Z] ----------------------------------------------------------------------
[debug] 
[debug] [2021-08-29T06:27:01.714Z] > command requires scopes: ["email","openid","https://www.googleapis.com/auth/cloudplatformprojects.readonly","https://www.googleapis.com/auth/firebase","https://www.googleapis.com/auth/cloud-platform"]
[debug] [2021-08-29T06:27:01.714Z] > authorizing via signed-in user (esraa.shreef@gmail.com)
[debug] [2021-08-29T06:27:01.714Z] [iam] checking project clone-dc71c for permissions ["firebase.projects.get"]
[debug] [2021-08-29T06:27:01.716Z] >>> HTTP REQUEST POST https://cloudresourcemanager.googleapis.com/v1/projects/clone-dc71c:testIamPermissions  
 {"permissions":["firebase.projects.get"]}
[debug] [2021-08-29T06:27:02.845Z] <<< HTTP RESPONSE 200 {"content-type":"application/json; charset=UTF-8","vary":"X-Origin, Referer, Origin,Accept-Encoding","date":"Sun, 29 Aug 2021 06:27:00 GMT","server":"ESF","cache-control":"private","x-xss-protection":"0","x-frame-options":"SAMEORIGIN","x-content-type-options":"nosniff","server-timing":"gfet4t7; dur=689","alt-svc":"h3=\":443\"; ma=2592000,h3-29=\":443\"; ma=2592000,h3-T051=\":443\"; ma=2592000,h3-Q050=\":443\"; ma=2592000,h3-Q046=\":443\"; ma=2592000,h3-Q043=\":443\"; ma=2592000,quic=\":443\"; ma=2592000; v=\"46,43\"","accept-ranges":"none","transfer-encoding":"chunked"}
[debug] [2021-08-29T06:27:02.849Z] >>> HTTP REQUEST GET http://localhost:4400/emulators  
 
[debug] [2021-08-29T06:27:03.134Z] Error: connect ECONNREFUSED 127.0.0.1:4400
    at TCPConnectWrap.afterConnect [as oncomplete] (net.js:1148:16)
[error] 
[error] Error: Server Error. connect ECONNREFUSED 127.0.0.1:4400
[debug] [2021-08-29T06:29:11.580Z] ----------------------------------------------------------------------
[debug] [2021-08-29T06:29:11.582Z] Command:       C:\Program Files\nodejs\node.exe C:\Users\esraa\AppData\Roaming\npm\node_modules\firebase-tools\lib\bin\firebase.js functions:shell
[debug] [2021-08-29T06:29:11.582Z] CLI Version:   9.16.5
[debug] [2021-08-29T06:29:11.583Z] Platform:      win32
[debug] [2021-08-29T06:29:11.583Z] Node Version:  v14.17.3
[debug] [2021-08-29T06:29:11.584Z] Time:          Sun Aug 29 2021 08:29:11 GMT+0200 (Eastern European Standard Time)
[debug] [2021-08-29T06:29:11.584Z] ----------------------------------------------------------------------
[debug] 
[debug] [2021-08-29T06:29:11.649Z] > command requires scopes: ["email","openid","https://www.googleapis.com/auth/cloudplatformprojects.readonly","https://www.googleapis.com/auth/firebase","https://www.googleapis.com/auth/cloud-platform"]
[debug] [2021-08-29T06:29:11.649Z] > authorizing via signed-in user (esraa.shreef@gmail.com)
[debug] [2021-08-29T06:29:11.650Z] [iam] checking project clone-dc71c for permissions ["firebase.projects.get"]
[debug] [2021-08-29T06:29:11.652Z] >>> HTTP REQUEST POST https://cloudresourcemanager.googleapis.com/v1/projects/clone-dc71c:testIamPermissions  
 {"permissions":["firebase.projects.get"]}
[debug] [2021-08-29T06:29:12.669Z] <<< HTTP RESPONSE 200 {"content-type":"application/json; charset=UTF-8","vary":"X-Origin, Referer, Origin,Accept-Encoding","date":"Sun, 29 Aug 2021 06:29:10 GMT","server":"ESF","cache-control":"private","x-xss-protection":"0","x-frame-options":"SAMEORIGIN","x-content-type-options":"nosniff","server-timing":"gfet4t7; dur=703","alt-svc":"h3=\":443\"; ma=2592000,h3-29=\":443\"; ma=2592000,h3-T051=\":443\"; ma=2592000,h3-Q050=\":443\"; ma=2592000,h3-Q046=\":443\"; ma=2592000,h3-Q043=\":443\"; ma=2592000,quic=\":443\"; ma=2592000; v=\"46,43\"","accept-ranges":"none","transfer-encoding":"chunked"}
[debug] [2021-08-29T06:29:12.674Z] >>> HTTP REQUEST GET http://localhost:4400/emulators  
 
[debug] [2021-08-29T06:29:12.956Z] Error: connect ECONNREFUSED 127.0.0.1:4400
    at TCPConnectWrap.afterConnect [as oncomplete] (net.js:1148:16)
[error] 
[error] Error: Server Error. connect ECONNREFUSED 127.0.0.1:4400
[debug] [2021-08-29T06:29:34.053Z] ----------------------------------------------------------------------
[debug] [2021-08-29T06:29:34.055Z] Command:       C:\Program Files\nodejs\node.exe C:\Users\esraa\AppData\Roaming\npm\node_modules\firebase-tools\lib\bin\firebase.js emulators:start
[debug] [2021-08-29T06:29:34.055Z] CLI Version:   9.16.5
[debug] [2021-08-29T06:29:34.055Z] Platform:      win32
[debug] [2021-08-29T06:29:34.055Z] Node Version:  v14.17.3
[debug] [2021-08-29T06:29:34.056Z] Time:          Sun Aug 29 2021 08:29:34 GMT+0200 (Eastern European Standard Time)
[debug] [2021-08-29T06:29:34.056Z] ----------------------------------------------------------------------
[debug] 
[debug] [2021-08-29T06:29:34.112Z] > command requires scopes: ["email","openid","https://www.googleapis.com/auth/cloudplatformprojects.readonly","https://www.googleapis.com/auth/firebase","https://www.googleapis.com/auth/cloud-platform"]
[debug] [2021-08-29T06:29:34.112Z] > authorizing via signed-in user (esraa.shreef@gmail.com)
[info] i  emulators: Starting emulators: functions, hosting {"metadata":{"emulator":{"name":"hub"},"message":"Starting emulators: functions, hosting"}}
[warn] !  emulators: It seems that you are running multiple instances of the emulator suite for project clone-dc71c. This may result in unexpected behavior. 
[debug] [2021-08-29T06:29:34.134Z] [hub] writing locator at C:\Users\esraa\AppData\Local\Temp\hub-clone-dc71c.json
[warn] !  functions: The following emulators are not running, calls to these services from the Functions emulator will affect production: auth, firestore, database, pubsub, storage {"metadata":{"emulator":{"name":"functions"},"message":"The following emulators are not running, calls to these services from the Functions emulator will affect production: \u001b[1mauth, firestore, database, pubsub, storage\u001b[22m"}}
[info] +  functions: Using node@14 from host. {"metadata":{"emulator":{"name":"functions"},"message":"Using node@14 from host."}}
[debug] [2021-08-29T06:29:34.171Z] defaultcredentials: writing to file C:\Users\esraa\AppData\Roaming\firebase\esraa_shreef_gmail.com_application_default_credentials.json
[debug] [2021-08-29T06:29:34.173Z] Setting GAC to C:\Users\esraa\AppData\Roaming\firebase\esraa_shreef_gmail.com_application_default_credentials.json {"metadata":{"emulator":{"name":"functions"},"message":"Setting GAC to C:\\Users\\esraa\\AppData\\Roaming\\firebase\\esraa_shreef_gmail.com_application_default_credentials.json"}}
[debug] [2021-08-29T06:29:34.175Z] > refreshing access token with scopes: []
[debug] [2021-08-29T06:29:34.176Z] >>> HTTP REQUEST POST https://www.googleapis.com/oauth2/v3/token  
 <request body omitted>
[debug] [2021-08-29T06:29:34.474Z] <<< HTTP RESPONSE 200 {"pragma":"no-cache","cache-control":"no-cache, no-store, max-age=0, must-revalidate","date":"Sun, 29 Aug 2021 06:29:32 GMT","expires":"Mon, 01 Jan 1990 00:00:00 GMT","content-type":"application/json; charset=utf-8","vary":"X-Origin, Referer, Origin,Accept-Encoding","server":"scaffolding on HTTPServer2","x-xss-protection":"0","x-frame-options":"SAMEORIGIN","x-content-type-options":"nosniff","alt-svc":"h3=\":443\"; ma=2592000,h3-29=\":443\"; ma=2592000,h3-T051=\":443\"; ma=2592000,h3-Q050=\":443\"; ma=2592000,h3-Q046=\":443\"; ma=2592000,h3-Q043=\":443\"; ma=2592000,quic=\":443\"; ma=2592000; v=\"46,43\"","accept-ranges":"none","transfer-encoding":"chunked"}
[debug] [2021-08-29T06:29:34.507Z] >>> [apiv2][query] GET https://firebase.googleapis.com/v1beta1/projects/clone-dc71c/adminSdkConfig [none]
[debug] [2021-08-29T06:29:35.124Z] <<< [apiv2][status] GET https://firebase.googleapis.com/v1beta1/projects/clone-dc71c/adminSdkConfig 200
[debug] [2021-08-29T06:29:35.125Z] <<< [apiv2][body] GET https://firebase.googleapis.com/v1beta1/projects/clone-dc71c/adminSdkConfig {"projectId":"clone-dc71c","storageBucket":"clone-dc71c.appspot.com","locationId":"us-central"}
[debug] [2021-08-29T06:29:35.154Z] >>> [apiv2][query] GET https://firebasehosting.googleapis.com/v1beta1/projects/clone-dc71c/sites 
[debug] [2021-08-29T06:29:36.443Z] <<< [apiv2][status] GET https://firebasehosting.googleapis.com/v1beta1/projects/clone-dc71c/sites 200
[debug] [2021-08-29T06:29:36.443Z] <<< [apiv2][body] GET https://firebasehosting.googleapis.com/v1beta1/projects/clone-dc71c/sites {"sites":[{"name":"projects/1013379071869/sites/clone-dc71c","defaultUrl":"https://clone-dc71c.web.app","appId":"1:1013379071869:web:cb9191efadfaca076a5614","type":"DEFAULT_SITE"}]}
[debug] [2021-08-29T06:29:36.444Z] >>> [apiv2][query] GET https://firebase.googleapis.com/v1beta1/projects/clone-dc71c/webApps/1:1013379071869:web:cb9191efadfaca076a5614/config [none]
[debug] [2021-08-29T06:29:37.584Z] <<< [apiv2][status] GET https://firebase.googleapis.com/v1beta1/projects/clone-dc71c/webApps/1:1013379071869:web:cb9191efadfaca076a5614/config 200
[debug] [2021-08-29T06:29:37.584Z] <<< [apiv2][body] GET https://firebase.googleapis.com/v1beta1/projects/clone-dc71c/webApps/1:1013379071869:web:cb9191efadfaca076a5614/config {"projectId":"clone-dc71c","appId":"1:1013379071869:web:cb9191efadfaca076a5614","storageBucket":"clone-dc71c.appspot.com","locationId":"us-central","apiKey":"AIzaSyBdzbtC2qf_knsAvQ38au1GLjM6L_UgFHE","authDomain":"clone-dc71c.firebaseapp.com","messagingSenderId":"1013379071869","measurementId":"G-CHGXDD2V5Q"}
[info] i  hosting: Serving hosting files from: build {"metadata":{"emulator":{"name":"hosting"},"message":"Serving hosting files from: \u001b[1mbuild\u001b[22m"}}
[info] +  hosting: Local server: http://localhost:5000 {"metadata":{"emulator":{"name":"hosting"},"message":"Local server: \u001b[4m\u001b[1mhttp://localhost:5000\u001b[22m\u001b[24m"}}
[warn] !  ui: Emulator UI unable to start on port 4000, starting on 4001 instead. {"metadata":{"emulator":{"name":"ui"},"message":"Emulator UI unable to start on port 4000, starting on 4001 instead."}}
[debug] [2021-08-29T06:29:37.696Z] Ignoring unsupported arg: auto_download {"metadata":{"emulator":{"name":"ui"},"message":"Ignoring unsupported arg: auto_download"}}
[debug] [2021-08-29T06:29:37.697Z] Ignoring unsupported arg: port {"metadata":{"emulator":{"name":"ui"},"message":"Ignoring unsupported arg: port"}}
[debug] [2021-08-29T06:29:37.697Z] Starting Emulator UI with command {"binary":"node","args":["C:\\Users\\esraa\\.cache\\firebase\\emulators\\ui-v1.6.2\\server.bundle.js"],"optionalArgs":[],"joinArgs":false} {"metadata":{"emulator":{"name":"ui"},"message":"Starting Emulator UI with command {\"binary\":\"node\",\"args\":[\"C:\\\\Users\\\\esraa\\\\.cache\\\\firebase\\\\emulators\\\\ui-v1.6.2\\\\server.bundle.js\"],\"optionalArgs\":[],\"joinArgs\":false}"}}
[info] i  ui: Emulator UI logging to ui-debug.log {"metadata":{"emulator":{"name":"ui"},"message":"Emulator UI logging to \u001b[1mui-debug.log\u001b[22m"}}
[debug] [2021-08-29T06:29:37.956Z] Web / API server started at localhost:4001
 {"metadata":{"emulator":{"name":"ui"},"message":"Web / API server started at localhost:4001\n"}}
[info] i  functions: Watching "C:\Users\esraa\Desktop\amazonclone\amazon-clone\functions" for Cloud Functions... {"metadata":{"emulator":{"name":"functions"},"message":"Watching \"C:\\Users\\esraa\\Desktop\\amazonclone\\amazon-clone\\functions\" for Cloud Functions..."}}
[debug] [2021-08-29T06:29:38.023Z] [worker-pool] addWorker(~diagnostic~) {"metadata":{"emulator":{"name":"functions"},"message":"[worker-pool] addWorker(~diagnostic~)"}}
[debug] [2021-08-29T06:29:38.024Z] [worker-pool] Adding worker with key ~diagnostic~, total=1 {"metadata":{"emulator":{"name":"functions"},"message":"[worker-pool] Adding worker with key ~diagnostic~, total=1"}}
[debug] [2021-08-29T06:29:38.024Z] [worker-pool] submitWork(triggerId=) {"metadata":{"emulator":{"name":"functions"},"message":"[worker-pool] submitWork(triggerId=)"}}
[debug] [2021-08-29T06:29:38.025Z] [worker-~diagnostic~-5266bbd3-981a-4a4b-919d-eb1dafa83271]: Assigning socketPath: \\?\pipe\C:\Users\esraa\Desktop\amazonclone\amazon-clone\functions\27860 {"metadata":{"emulator":{"name":"functions"},"message":"[worker-~diagnostic~-5266bbd3-981a-4a4b-919d-eb1dafa83271]: Assigning socketPath: \\\\?\\pipe\\C:\\Users\\esraa\\Desktop\\amazonclone\\amazon-clone\\functions\\27860"}}
[debug] [2021-08-29T06:29:38.027Z] [worker-~diagnostic~-5266bbd3-981a-4a4b-919d-eb1dafa83271]: BUSY {"metadata":{"emulator":{"name":"functions"},"message":"[worker-~diagnostic~-5266bbd3-981a-4a4b-919d-eb1dafa83271]: BUSY"}}
[debug] [2021-08-29T06:29:38.798Z] [runtime-status] [27860] Functions runtime initialized. {"cwd":"C:\\Users\\esraa\\Desktop\\amazonclone\\amazon-clone\\functions","node_version":"14.17.3"} {"metadata":{"emulator":{"name":"functions"},"message":"[runtime-status] [27860] Functions runtime initialized. {\"cwd\":\"C:\\\\Users\\\\esraa\\\\Desktop\\\\amazonclone\\\\amazon-clone\\\\functions\",\"node_version\":\"14.17.3\"}"}}
[debug] [2021-08-29T06:29:38.800Z] [runtime-status] [27860] Disabled runtime features: undefined {"metadata":{"emulator":{"name":"functions"},"message":"[runtime-status] [27860] Disabled runtime features: undefined"}}
[debug] [2021-08-29T06:29:38.803Z] [runtime-status] [27860] Resolved module firebase-admin {"declared":true,"installed":true,"version":"9.11.0","resolution":"C:\\Users\\esraa\\Desktop\\amazonclone\\amazon-clone\\functions\\node_modules\\firebase-admin\\lib\\index.js"} {"metadata":{"emulator":{"name":"functions"},"message":"[runtime-status] [27860] Resolved module firebase-admin {\"declared\":true,\"installed\":true,\"version\":\"9.11.0\",\"resolution\":\"C:\\\\Users\\\\esraa\\\\Desktop\\\\amazonclone\\\\amazon-clone\\\\functions\\\\node_modules\\\\firebase-admin\\\\lib\\\\index.js\"}"}}
[debug] [2021-08-29T06:29:38.809Z] [runtime-status] [27860] Resolved module firebase-functions {"declared":true,"installed":true,"version":"3.15.4","resolution":"C:\\Users\\esraa\\Desktop\\amazonclone\\amazon-clone\\functions\\node_modules\\firebase-functions\\lib\\index.js"} {"metadata":{"emulator":{"name":"functions"},"message":"[runtime-status] [27860] Resolved module firebase-functions {\"declared\":true,\"installed\":true,\"version\":\"3.15.4\",\"resolution\":\"C:\\\\Users\\\\esraa\\\\Desktop\\\\amazonclone\\\\amazon-clone\\\\functions\\\\node_modules\\\\firebase-functions\\\\lib\\\\index.js\"}"}}
[debug] [2021-08-29T06:29:38.812Z] [runtime-status] [27860] Resolved module firebase-functions {"declared":true,"installed":true,"version":"3.15.4","resolution":"C:\\Users\\esraa\\Desktop\\amazonclone\\amazon-clone\\functions\\node_modules\\firebase-functions\\lib\\index.js"} {"metadata":{"emulator":{"name":"functions"},"message":"[runtime-status] [27860] Resolved module firebase-functions {\"declared\":true,\"installed\":true,\"version\":\"3.15.4\",\"resolution\":\"C:\\\\Users\\\\esraa\\\\Desktop\\\\amazonclone\\\\amazon-clone\\\\functions\\\\node_modules\\\\firebase-functions\\\\lib\\\\index.js\"}"}}
[debug] [2021-08-29T06:29:38.813Z] [runtime-status] [27860] Outgoing network have been stubbed. [{"name":"http","status":"mocked"},{"name":"http","status":"mocked"},{"name":"https","status":"mocked"},{"name":"https","status":"mocked"},{"name":"net","status":"mocked"}] {"metadata":{"emulator":{"name":"functions"},"message":"[runtime-status] [27860] Outgoing network have been stubbed. [{\"name\":\"http\",\"status\":\"mocked\"},{\"name\":\"http\",\"status\":\"mocked\"},{\"name\":\"https\",\"status\":\"mocked\"},{\"name\":\"https\",\"status\":\"mocked\"},{\"name\":\"net\",\"status\":\"mocked\"}]"}}
[debug] [2021-08-29T06:29:38.814Z] [runtime-status] [27860] Resolved module firebase-functions {"declared":true,"installed":true,"version":"3.15.4","resolution":"C:\\Users\\esraa\\Desktop\\amazonclone\\amazon-clone\\functions\\node_modules\\firebase-functions\\lib\\index.js"} {"metadata":{"emulator":{"name":"functions"},"message":"[runtime-status] [27860] Resolved module firebase-functions {\"declared\":true,\"installed\":true,\"version\":\"3.15.4\",\"resolution\":\"C:\\\\Users\\\\esraa\\\\Desktop\\\\amazonclone\\\\amazon-clone\\\\functions\\\\node_modules\\\\firebase-functions\\\\lib\\\\index.js\"}"}}
[debug] [2021-08-29T06:29:38.866Z] [runtime-status] [27860] Checked functions.config() {"config":{}} {"metadata":{"emulator":{"name":"functions"},"message":"[runtime-status] [27860] Checked functions.config() {\"config\":{}}"}}
[debug] [2021-08-29T06:29:38.867Z] [runtime-status] [27860] firebase-functions has been stubbed. {"functionsResolution":{"declared":true,"installed":true,"version":"3.15.4","resolution":"C:\\Users\\esraa\\Desktop\\amazonclone\\amazon-clone\\functions\\node_modules\\firebase-functions\\lib\\index.js"}} {"metadata":{"emulator":{"name":"functions"},"message":"[runtime-status] [27860] firebase-functions has been stubbed. {\"functionsResolution\":{\"declared\":true,\"installed\":true,\"version\":\"3.15.4\",\"resolution\":\"C:\\\\Users\\\\esraa\\\\Desktop\\\\amazonclone\\\\amazon-clone\\\\functions\\\\node_modules\\\\firebase-functions\\\\lib\\\\index.js\"}}"}}
[debug] [2021-08-29T06:29:38.867Z] [runtime-status] [27860] Resolved module firebase-functions {"declared":true,"installed":true,"version":"3.15.4","resolution":"C:\\Users\\esraa\\Desktop\\amazonclone\\amazon-clone\\functions\\node_modules\\firebase-functions\\lib\\index.js"} {"metadata":{"emulator":{"name":"functions"},"message":"[runtime-status] [27860] Resolved module firebase-functions {\"declared\":true,\"installed\":true,\"version\":\"3.15.4\",\"resolution\":\"C:\\\\Users\\\\esraa\\\\Desktop\\\\amazonclone\\\\amazon-clone\\\\functions\\\\node_modules\\\\firebase-functions\\\\lib\\\\index.js\"}"}}
[debug] [2021-08-29T06:29:38.869Z] [runtime-status] [27860] Resolved module firebase-admin {"declared":true,"installed":true,"version":"9.11.0","resolution":"C:\\Users\\esraa\\Desktop\\amazonclone\\amazon-clone\\functions\\node_modules\\firebase-admin\\lib\\index.js"} {"metadata":{"emulator":{"name":"functions"},"message":"[runtime-status] [27860] Resolved module firebase-admin {\"declared\":true,\"installed\":true,\"version\":\"9.11.0\",\"resolution\":\"C:\\\\Users\\\\esraa\\\\Desktop\\\\amazonclone\\\\amazon-clone\\\\functions\\\\node_modules\\\\firebase-admin\\\\lib\\\\index.js\"}"}}
[debug] [2021-08-29T06:29:38.870Z] [runtime-status] [27860] Resolved module firebase-functions {"declared":true,"installed":true,"version":"3.15.4","resolution":"C:\\Users\\esraa\\Desktop\\amazonclone\\amazon-clone\\functions\\node_modules\\firebase-functions\\lib\\index.js"} {"metadata":{"emulator":{"name":"functions"},"message":"[runtime-status] [27860] Resolved module firebase-functions {\"declared\":true,\"installed\":true,\"version\":\"3.15.4\",\"resolution\":\"C:\\\\Users\\\\esraa\\\\Desktop\\\\amazonclone\\\\amazon-clone\\\\functions\\\\node_modules\\\\firebase-functions\\\\lib\\\\index.js\"}"}}
[debug] [2021-08-29T06:29:38.870Z] [runtime-status] [27860] firebase-admin has been stubbed. {"adminResolution":{"declared":true,"installed":true,"version":"9.11.0","resolution":"C:\\Users\\esraa\\Desktop\\amazonclone\\amazon-clone\\functions\\node_modules\\firebase-admin\\lib\\index.js"}} {"metadata":{"emulator":{"name":"functions"},"message":"[runtime-status] [27860] firebase-admin has been stubbed. {\"adminResolution\":{\"declared\":true,\"installed\":true,\"version\":\"9.11.0\",\"resolution\":\"C:\\\\Users\\\\esraa\\\\Desktop\\\\amazonclone\\\\amazon-clone\\\\functions\\\\node_modules\\\\firebase-admin\\\\lib\\\\index.js\"}}"}}
[info] +  functions[us-central1-api]: http function initialized (http://localhost:5001/clone-dc71c/us-central1/api). {"metadata":{"emulator":{"name":"functions"},"message":"\u001b[1mhttp\u001b[22m function initialized (http://localhost:5001/clone-dc71c/us-central1/api)."}}
[info] 
┌─────────────────────────────────────────────────────────────┐
│ ✔  All emulators ready! It is now safe to connect your app. │
│ i  View Emulator UI at http://localhost:4001                │
└─────────────────────────────────────────────────────────────┘

┌───────────┬────────────────┬─────────────────────────────────┐
│ Emulator  │ Host:Port      │ View in Emulator UI             │
├───────────┼────────────────┼─────────────────────────────────┤
│ Functions │ localhost:5001 │ http://localhost:4001/functions │
├───────────┼────────────────┼─────────────────────────────────┤
│ Hosting   │ localhost:5000 │ n/a                             │
└───────────┴────────────────┴─────────────────────────────────┘
  Emulator Hub running at localhost:4400
  Other reserved ports: 4500

Issues? Report them at https://github.com/firebase/firebase-tools/issues and attach the *-debug.log files.
 
[debug] [2021-08-29T06:29:39.073Z] [worker-~diagnostic~-5266bbd3-981a-4a4b-919d-eb1dafa83271]: IDLE {"metadata":{"emulator":{"name":"functions"},"message":"[worker-~diagnostic~-5266bbd3-981a-4a4b-919d-eb1dafa83271]: IDLE"}}
[debug] [2021-08-29T06:32:13.735Z] ----------------------------------------------------------------------
[debug] [2021-08-29T06:32:13.738Z] Command:       C:\Program Files\nodejs\node.exe C:\Users\esraa\AppData\Roaming\npm\node_modules\firebase-tools\lib\bin\firebase.js deploy --only functions
[debug] [2021-08-29T06:32:13.738Z] CLI Version:   9.16.5
[debug] [2021-08-29T06:32:13.738Z] Platform:      win32
[debug] [2021-08-29T06:32:13.738Z] Node Version:  v14.17.3
[debug] [2021-08-29T06:32:13.740Z] Time:          Sun Aug 29 2021 08:32:13 GMT+0200 (Eastern European Standard Time)
[debug] [2021-08-29T06:32:13.740Z] ----------------------------------------------------------------------
[debug] 
[debug] [2021-08-29T06:32:13.797Z] > command requires scopes: ["email","openid","https://www.googleapis.com/auth/cloudplatformprojects.readonly","https://www.googleapis.com/auth/firebase","https://www.googleapis.com/auth/cloud-platform"]
[debug] [2021-08-29T06:32:13.798Z] > authorizing via signed-in user (esraa.shreef@gmail.com)
[debug] [2021-08-29T06:32:13.798Z] [iam] checking project clone-dc71c for permissions ["cloudfunctions.functions.create","cloudfunctions.functions.delete","cloudfunctions.functions.get","cloudfunctions.functions.list","cloudfunctions.functions.update","cloudfunctions.operations.get","firebase.projects.get"]
[debug] [2021-08-29T06:32:13.800Z] > refreshing access token with scopes: ["email","https://www.googleapis.com/auth/cloud-platform","https://www.googleapis.com/auth/cloudplatformprojects.readonly","https://www.googleapis.com/auth/firebase","openid"]
[debug] [2021-08-29T06:32:13.800Z] >>> HTTP REQUEST POST https://www.googleapis.com/oauth2/v3/token  
 <request body omitted>
[debug] [2021-08-29T06:32:14.468Z] <<< HTTP RESPONSE 200 {"pragma":"no-cache","expires":"Mon, 01 Jan 1990 00:00:00 GMT","date":"Sun, 29 Aug 2021 06:32:12 GMT","cache-control":"no-cache, no-store, max-age=0, must-revalidate","content-type":"application/json; charset=utf-8","vary":"X-Origin, Referer, Origin,Accept-Encoding","server":"scaffolding on HTTPServer2","x-xss-protection":"0","x-frame-options":"SAMEORIGIN","x-content-type-options":"nosniff","alt-svc":"h3=\":443\"; ma=2592000,h3-29=\":443\"; ma=2592000,h3-T051=\":443\"; ma=2592000,h3-Q050=\":443\"; ma=2592000,h3-Q046=\":443\"; ma=2592000,h3-Q043=\":443\"; ma=2592000,quic=\":443\"; ma=2592000; v=\"46,43\"","accept-ranges":"none","transfer-encoding":"chunked"}
[debug] [2021-08-29T06:32:14.503Z] >>> HTTP REQUEST POST https://cloudresourcemanager.googleapis.com/v1/projects/clone-dc71c:testIamPermissions  
 {"permissions":["cloudfunctions.functions.create","cloudfunctions.functions.delete","cloudfunctions.functions.get","cloudfunctions.functions.list","cloudfunctions.functions.update","cloudfunctions.operations.get","firebase.projects.get"]}
[debug] [2021-08-29T06:32:15.603Z] <<< HTTP RESPONSE 200 {"content-type":"application/json; charset=UTF-8","vary":"X-Origin, Referer, Origin,Accept-Encoding","date":"Sun, 29 Aug 2021 06:32:13 GMT","server":"ESF","cache-control":"private","x-xss-protection":"0","x-frame-options":"SAMEORIGIN","x-content-type-options":"nosniff","server-timing":"gfet4t7; dur=689","alt-svc":"h3=\":443\"; ma=2592000,h3-29=\":443\"; ma=2592000,h3-T051=\":443\"; ma=2592000,h3-Q050=\":443\"; ma=2592000,h3-Q046=\":443\"; ma=2592000,h3-Q043=\":443\"; ma=2592000,quic=\":443\"; ma=2592000; v=\"46,43\"","accept-ranges":"none","transfer-encoding":"chunked"}
[debug] [2021-08-29T06:32:15.605Z] >>> HTTP REQUEST POST https://iam.googleapis.com/v1/projects/clone-dc71c/serviceAccounts/clone-dc71c@appspot.gserviceaccount.com:testIamPermissions  
 {"permissions":["iam.serviceAccounts.actAs"]}
[debug] [2021-08-29T06:32:17.036Z] <<< HTTP RESPONSE 200 {"content-type":"application/json; charset=UTF-8","vary":"X-Origin, Referer, Origin,Accept-Encoding","date":"Sun, 29 Aug 2021 06:32:14 GMT","server":"ESF","cache-control":"private","x-xss-protection":"0","x-frame-options":"SAMEORIGIN","x-content-type-options":"nosniff","alt-svc":"h3=\":443\"; ma=2592000,h3-29=\":443\"; ma=2592000,h3-T051=\":443\"; ma=2592000,h3-Q050=\":443\"; ma=2592000,h3-Q046=\":443\"; ma=2592000,h3-Q043=\":443\"; ma=2592000,quic=\":443\"; ma=2592000; v=\"46,43\"","accept-ranges":"none","transfer-encoding":"chunked"}
[info] 
[info] === Deploying to 'clone-dc71c'...
[info] 
[info] i  deploying functions 
[info] Running command: npm --prefix "%RESOURCE_DIR%" run lint
[info] Running command: npm --prefix "%RESOURCE_DIR%" run build
[error] 
[error] Error: functions predeploy error: Command terminated with non-zero exit code1
[info] i  hosting: 127.0.0.1 - - [29/Aug/2021:16:42:57 +0000] "GET / HTTP/1.1" 200 3032 "-" "Mozilla/5.0 (Windows NT 10.0; Win64; x64) AppleWebKit/537.36 (KHTML, like Gecko) Chrome/92.0.4515.159 Safari/537.36" {"metadata":{"emulator":{"name":"hosting"},"message":"127.0.0.1 - - [29/Aug/2021:16:42:57 +0000] \"GET / HTTP/1.1\" 200 3032 \"-\" \"Mozilla/5.0 (Windows NT 10.0; Win64; x64) AppleWebKit/537.36 (KHTML, like Gecko) Chrome/92.0.4515.159 Safari/537.36\""}}
[info] i  hosting: 127.0.0.1 - - [29/Aug/2021:16:42:57 +0000] "GET /static/css/main.4e7fa1fd.chunk.css HTTP/1.1" 200 4852 "http://localhost:5000/" "Mozilla/5.0 (Windows NT 10.0; Win64; x64) AppleWebKit/537.36 (KHTML, like Gecko) Chrome/92.0.4515.159 Safari/537.36" {"metadata":{"emulator":{"name":"hosting"},"message":"127.0.0.1 - - [29/Aug/2021:16:42:57 +0000] \"GET /static/css/main.4e7fa1fd.chunk.css HTTP/1.1\" 200 4852 \"http://localhost:5000/\" \"Mozilla/5.0 (Windows NT 10.0; Win64; x64) AppleWebKit/537.36 (KHTML, like Gecko) Chrome/92.0.4515.159 Safari/537.36\""}}
[info] i  hosting: 127.0.0.1 - - [29/Aug/2021:16:42:57 +0000] "GET /static/js/main.f0b66df1.chunk.js HTTP/1.1" 200 16489 "http://localhost:5000/" "Mozilla/5.0 (Windows NT 10.0; Win64; x64) AppleWebKit/537.36 (KHTML, like Gecko) Chrome/92.0.4515.159 Safari/537.36" {"metadata":{"emulator":{"name":"hosting"},"message":"127.0.0.1 - - [29/Aug/2021:16:42:57 +0000] \"GET /static/js/main.f0b66df1.chunk.js HTTP/1.1\" 200 16489 \"http://localhost:5000/\" \"Mozilla/5.0 (Windows NT 10.0; Win64; x64) AppleWebKit/537.36 (KHTML, like Gecko) Chrome/92.0.4515.159 Safari/537.36\""}}
[info] i  hosting: 127.0.0.1 - - [29/Aug/2021:16:42:57 +0000] "GET /static/js/2.45f911b1.chunk.js HTTP/1.1" 200 1341383 "http://localhost:5000/" "Mozilla/5.0 (Windows NT 10.0; Win64; x64) AppleWebKit/537.36 (KHTML, like Gecko) Chrome/92.0.4515.159 Safari/537.36" {"metadata":{"emulator":{"name":"hosting"},"message":"127.0.0.1 - - [29/Aug/2021:16:42:57 +0000] \"GET /static/js/2.45f911b1.chunk.js HTTP/1.1\" 200 1341383 \"http://localhost:5000/\" \"Mozilla/5.0 (Windows NT 10.0; Win64; x64) AppleWebKit/537.36 (KHTML, like Gecko) Chrome/92.0.4515.159 Safari/537.36\""}}
